{"uid":"a597643788389325","name":"Test Plan positive creation","fullName":"tests.TestPlanTest.testPlanShouldBeCreated","historyId":"24eac0886f07433631bcdeff4ff1594","time":{"start":1708082515678,"stop":1708082530421,"duration":14743},"status":"failed","statusMessage":"Invalid element state [By.xpath: //*[contains(text(),'Done')]]: element click intercepted: Element <span class=\"TKsrzo\">...</span> is not clickable at point (1850, 947). Other element would receive the click: <iframe allowfullscreen=\"\" class=\"intercom-1pm5lat e1ii8mwa0\" name=\"intercom-notifications-frame\" title=\"Intercom live chat message\" data-intercom-frame=\"true\" role=\"dialog\"></iframe>\nScreenshot: file:/home/runner/work/QaseIO/QaseIO/build/reports/tests/1708082529663.1.png\nPage source: file:/home/runner/work/QaseIO/QaseIO/build/reports/tests/1708082529663.1.html\nTimeout: 10 s.\nCaused by: ElementClickInterceptedException: element click intercepted: Element <span class=\"TKsrzo\">...</span> is not clickable at point (1850, 947). Other element would receive the click: <iframe allowfullscreen=\"\" class=\"intercom-1pm5lat e1ii8mwa0\" name=\"intercom-notifications-frame\" title=\"Intercom live chat message\" data-intercom-frame=\"true\" role=\"dialog\"></iframe>","statusTrace":"Invalid element state [By.xpath: //*[contains(text(),'Done')]]: element click intercepted: Element <span class=\"TKsrzo\">...</span> is not clickable at point (1850, 947). Other element would receive the click: <iframe allowfullscreen=\"\" class=\"intercom-1pm5lat e1ii8mwa0\" name=\"intercom-notifications-frame\" title=\"Intercom live chat message\" data-intercom-frame=\"true\" role=\"dialog\"></iframe>\nScreenshot: file:/home/runner/work/QaseIO/QaseIO/build/reports/tests/1708082529663.1.png\nPage source: file:/home/runner/work/QaseIO/QaseIO/build/reports/tests/1708082529663.1.html\nTimeout: 10 s.\nCaused by: ElementClickInterceptedException: element click intercepted: Element <span class=\"TKsrzo\">...</span> is not clickable at point (1850, 947). Other element would receive the click: <iframe allowfullscreen=\"\" class=\"intercom-1pm5lat e1ii8mwa0\" name=\"intercom-notifications-frame\" title=\"Intercom live chat message\" data-intercom-frame=\"true\" role=\"dialog\"></iframe>\n\tat com.codeborne.selenide.impl.ExceptionWrapper.wrap(ExceptionWrapper.java:26)\n\tat com.codeborne.selenide.impl.SelenideElementProxy.dispatchAndRetry(SelenideElementProxy.java:154)\n\tat com.codeborne.selenide.impl.SelenideElementProxy.invoke(SelenideElementProxy.java:84)\n\tat com.sun.proxy.$Proxy35.click(Unknown Source)\n\tat pages.testPlanPages.TestPlanCreationPage.clickDoneButton(TestPlanCreationPage.java:65)\n\tat pages.testPlanPages.TestPlanCreationPage.addAllCases(TestPlanCreationPage.java:82)\n\tat steps.TestPlanSteps.createTestPlanWithAllCases(TestPlanSteps.java:34)\n\tat tests.TestPlanTest.testPlanShouldBeCreated(TestPlanTest.java:34)\n\tat java.base/jdk.internal.reflect.NativeMethodAccessorImpl.invoke0(Native Method)\n\tat java.base/jdk.internal.reflect.NativeMethodAccessorImpl.invoke(NativeMethodAccessorImpl.java:62)\n\tat java.base/jdk.internal.reflect.DelegatingMethodAccessorImpl.invoke(DelegatingMethodAccessorImpl.java:43)\n\tat java.base/java.lang.reflect.Method.invoke(Method.java:566)\n\tat org.testng.internal.MethodInvocationHelper.invokeMethod(MethodInvocationHelper.java:133)\n\tat org.testng.internal.TestInvoker.invokeMethod(TestInvoker.java:598)\n\tat org.testng.internal.TestInvoker.invokeTestMethod(TestInvoker.java:173)\n\tat org.testng.internal.MethodRunner.runInSequence(MethodRunner.java:46)\n\tat org.testng.internal.TestInvoker$MethodInvocationAgent.invoke(TestInvoker.java:824)\n\tat org.testng.internal.TestInvoker.invokeTestMethods(TestInvoker.java:146)\n\tat org.testng.internal.TestMethodWorker.invokeTestMethods(TestMethodWorker.java:146)\n\tat org.testng.internal.TestMethodWorker.run(TestMethodWorker.java:128)\n\tat java.base/java.util.ArrayList.forEach(ArrayList.java:1541)\n\tat org.testng.TestRunner.privateRun(TestRunner.java:794)\n\tat org.testng.TestRunner.run(TestRunner.java:596)\n\tat org.testng.SuiteRunner.runTest(SuiteRunner.java:377)\n\tat org.testng.SuiteRunner.access$000(SuiteRunner.java:28)\n\tat org.testng.SuiteRunner$SuiteWorker.run(SuiteRunner.java:418)\n\tat org.testng.internal.thread.ThreadUtil.lambda$execute$0(ThreadUtil.java:64)\n\tat java.base/java.util.concurrent.FutureTask.run(FutureTask.java:264)\n\tat java.base/java.util.concurrent.ThreadPoolExecutor.runWorker(ThreadPoolExecutor.java:1128)\n\tat java.base/java.util.concurrent.ThreadPoolExecutor$Worker.run(ThreadPoolExecutor.java:628)\n\tat java.base/java.lang.Thread.run(Thread.java:829)\nCaused by: org.openqa.selenium.ElementClickInterceptedException: element click intercepted: Element <span class=\"TKsrzo\">...</span> is not clickable at point (1850, 947). Other element would receive the click: <iframe allowfullscreen=\"\" class=\"intercom-1pm5lat e1ii8mwa0\" name=\"intercom-notifications-frame\" title=\"Intercom live chat message\" data-intercom-frame=\"true\" role=\"dialog\"></iframe>\n  (Session info: chrome=121.0.6167.160)\nBuild info: version: '4.13.0', revision: 'ba948ece5b*'\nSystem info: os.name: 'Linux', os.arch: 'amd64', os.version: '6.2.0-1019-azure', java.version: '11.0.22'\nDriver info: org.openqa.selenium.chrome.ChromeDriver\nCommand: [e92836068c8a5549f344c969a0e8b359, clickElement {id=EFB27D265796471DB831651788992AB0_element_206}]\nCapabilities {acceptInsecureCerts: true, browserName: chrome, browserVersion: 121.0.6167.160, chrome: {chromedriverVersion: 121.0.6167.85 (3f98d690ad7e..., userDataDir: /tmp/.org.chromium.Chromium...}, fedcm:accounts: true, goog:chromeOptions: {debuggerAddress: localhost:41283}, networkConnectionEnabled: false, pageLoadStrategy: normal, platformName: linux, proxy: Proxy(), se:cdp: ws://localhost:41283/devtoo..., se:cdpVersion: 121.0.6167.160, setWindowRect: true, strictFileInteractability: false, timeouts: {implicit: 0, pageLoad: 300000, script: 30000}, unhandledPromptBehavior: accept, webauthn:extension:credBlob: true, webauthn:extension:largeBlob: true, webauthn:extension:minPinLength: true, webauthn:extension:prf: true, webauthn:virtualAuthenticators: true}\nElement: [[ChromeDriver: chrome on linux (e92836068c8a5549f344c969a0e8b359)] -> xpath: //*[contains(text(),'Done')]]\nSession ID: e92836068c8a5549f344c969a0e8b359\n\tat java.base/jdk.internal.reflect.NativeConstructorAccessorImpl.newInstance0(Native Method)\n\tat java.base/jdk.internal.reflect.NativeConstructorAccessorImpl.newInstance(NativeConstructorAccessorImpl.java:62)\n\tat java.base/jdk.internal.reflect.DelegatingConstructorAccessorImpl.newInstance(DelegatingConstructorAccessorImpl.java:45)\n\tat java.base/java.lang.reflect.Constructor.newInstance(Constructor.java:490)\n\tat org.openqa.selenium.remote.codec.w3c.W3CHttpResponseCodec.createException(W3CHttpResponseCodec.java:200)\n\tat org.openqa.selenium.remote.codec.w3c.W3CHttpResponseCodec.decode(W3CHttpResponseCodec.java:133)\n\tat org.openqa.selenium.remote.codec.w3c.W3CHttpResponseCodec.decode(W3CHttpResponseCodec.java:52)\n\tat org.openqa.selenium.remote.HttpCommandExecutor.execute(HttpCommandExecutor.java:191)\n\tat org.openqa.selenium.remote.service.DriverCommandExecutor.invokeExecute(DriverCommandExecutor.java:196)\n\tat org.openqa.selenium.remote.service.DriverCommandExecutor.execute(DriverCommandExecutor.java:171)\n\tat org.openqa.selenium.remote.RemoteWebDriver.execute(RemoteWebDriver.java:602)\n\tat org.openqa.selenium.remote.RemoteWebElement.execute(RemoteWebElement.java:224)\n\tat org.openqa.selenium.remote.RemoteWebElement.click(RemoteWebElement.java:77)\n\tat com.codeborne.selenide.commands.Click.defaultClick(Click.java:97)\n\tat com.codeborne.selenide.commands.Click.click(Click.java:54)\n\tat com.codeborne.selenide.commands.Click.execute(Click.java:31)\n\tat com.codeborne.selenide.commands.Click.execute(Click.java:21)\n\tat com.codeborne.selenide.commands.Commands.execute(Commands.java:165)\n\tat com.codeborne.selenide.impl.SelenideElementProxy.dispatchAndRetry(SelenideElementProxy.java:132)\n\t... 29 more\n","flaky":false,"newFailed":true,"newBroken":false,"newPassed":false,"retriesCount":0,"retriesStatusChange":false,"beforeStages":[{"name":"Browser setup","time":{"start":1708082506919,"stop":1708082509411,"duration":2492},"description":"Browser setup","status":"passed","steps":[],"attachments":[],"parameters":[],"shouldDisplayMessage":false,"stepsCount":0,"attachmentsCount":0,"hasContent":false},{"name":"setUp","time":{"start":1708082509637,"stop":1708082515674,"duration":6037},"description":"","status":"passed","steps":[{"name":"Login through API with username 'tajegi3055@tospage.com' and password 'Ibcdefgh}0123'","time":{"start":1708082509637,"stop":1708082510442,"duration":805},"status":"passed","steps":[],"attachments":[],"parameters":[{"name":"username","value":"tajegi3055@tospage.com"},{"name":"password","value":"Ibcdefgh}0123"}],"shouldDisplayMessage":false,"stepsCount":0,"attachmentsCount":0,"hasContent":true},{"name":"Delete project with code '3237719844' if it exists","time":{"start":1708082510442,"stop":1708082510659,"duration":217},"status":"passed","steps":[],"attachments":[],"parameters":[{"name":"projectCode","value":"3237719844"}],"shouldDisplayMessage":false,"stepsCount":0,"attachmentsCount":0,"hasContent":true},{"name":"Create project with code '3237719844'","time":{"start":1708082510659,"stop":1708082511191,"duration":532},"status":"passed","steps":[],"attachments":[],"parameters":[{"name":"projectCode","value":"3237719844"}],"shouldDisplayMessage":false,"stepsCount":0,"attachmentsCount":0,"hasContent":true},{"name":"Open test case creation page","time":{"start":1708082511192,"stop":1708082514584,"duration":3392},"status":"passed","steps":[],"attachments":[],"parameters":[{"name":"projectCode","value":"3237719844"}],"shouldDisplayMessage":false,"stepsCount":0,"attachmentsCount":0,"hasContent":true},{"name":"Create test case 'Test Case 1'","time":{"start":1708082514585,"stop":1708082515473,"duration":888},"status":"passed","steps":[],"attachments":[],"parameters":[{"name":"testCase","value":"TestCase(title=Test Case 1, status=null, description=null, suite=null, severity=null, priority=null, type=null, layer=null, isFlaky=false, behavior=null, automationStatus=null, preconditions=null, postconditions=null, tags=null, attachments=null, steps=null)"}],"shouldDisplayMessage":false,"stepsCount":0,"attachmentsCount":0,"hasContent":true}],"attachments":[],"parameters":[],"shouldDisplayMessage":false,"stepsCount":5,"attachmentsCount":0,"hasContent":true}],"testStage":{"status":"failed","statusMessage":"Invalid element state [By.xpath: //*[contains(text(),'Done')]]: element click intercepted: Element <span class=\"TKsrzo\">...</span> is not clickable at point (1850, 947). Other element would receive the click: <iframe allowfullscreen=\"\" class=\"intercom-1pm5lat e1ii8mwa0\" name=\"intercom-notifications-frame\" title=\"Intercom live chat message\" data-intercom-frame=\"true\" role=\"dialog\"></iframe>\nScreenshot: file:/home/runner/work/QaseIO/QaseIO/build/reports/tests/1708082529663.1.png\nPage source: file:/home/runner/work/QaseIO/QaseIO/build/reports/tests/1708082529663.1.html\nTimeout: 10 s.\nCaused by: ElementClickInterceptedException: element click intercepted: Element <span class=\"TKsrzo\">...</span> is not clickable at point (1850, 947). Other element would receive the click: <iframe allowfullscreen=\"\" class=\"intercom-1pm5lat e1ii8mwa0\" name=\"intercom-notifications-frame\" title=\"Intercom live chat message\" data-intercom-frame=\"true\" role=\"dialog\"></iframe>","statusTrace":"Invalid element state [By.xpath: //*[contains(text(),'Done')]]: element click intercepted: Element <span class=\"TKsrzo\">...</span> is not clickable at point (1850, 947). Other element would receive the click: <iframe allowfullscreen=\"\" class=\"intercom-1pm5lat e1ii8mwa0\" name=\"intercom-notifications-frame\" title=\"Intercom live chat message\" data-intercom-frame=\"true\" role=\"dialog\"></iframe>\nScreenshot: file:/home/runner/work/QaseIO/QaseIO/build/reports/tests/1708082529663.1.png\nPage source: file:/home/runner/work/QaseIO/QaseIO/build/reports/tests/1708082529663.1.html\nTimeout: 10 s.\nCaused by: ElementClickInterceptedException: element click intercepted: Element <span class=\"TKsrzo\">...</span> is not clickable at point (1850, 947). Other element would receive the click: <iframe allowfullscreen=\"\" class=\"intercom-1pm5lat e1ii8mwa0\" name=\"intercom-notifications-frame\" title=\"Intercom live chat message\" data-intercom-frame=\"true\" role=\"dialog\"></iframe>\n\tat com.codeborne.selenide.impl.ExceptionWrapper.wrap(ExceptionWrapper.java:26)\n\tat com.codeborne.selenide.impl.SelenideElementProxy.dispatchAndRetry(SelenideElementProxy.java:154)\n\tat com.codeborne.selenide.impl.SelenideElementProxy.invoke(SelenideElementProxy.java:84)\n\tat com.sun.proxy.$Proxy35.click(Unknown Source)\n\tat pages.testPlanPages.TestPlanCreationPage.clickDoneButton(TestPlanCreationPage.java:65)\n\tat pages.testPlanPages.TestPlanCreationPage.addAllCases(TestPlanCreationPage.java:82)\n\tat steps.TestPlanSteps.createTestPlanWithAllCases(TestPlanSteps.java:34)\n\tat tests.TestPlanTest.testPlanShouldBeCreated(TestPlanTest.java:34)\n\tat java.base/jdk.internal.reflect.NativeMethodAccessorImpl.invoke0(Native Method)\n\tat java.base/jdk.internal.reflect.NativeMethodAccessorImpl.invoke(NativeMethodAccessorImpl.java:62)\n\tat java.base/jdk.internal.reflect.DelegatingMethodAccessorImpl.invoke(DelegatingMethodAccessorImpl.java:43)\n\tat java.base/java.lang.reflect.Method.invoke(Method.java:566)\n\tat org.testng.internal.MethodInvocationHelper.invokeMethod(MethodInvocationHelper.java:133)\n\tat org.testng.internal.TestInvoker.invokeMethod(TestInvoker.java:598)\n\tat org.testng.internal.TestInvoker.invokeTestMethod(TestInvoker.java:173)\n\tat org.testng.internal.MethodRunner.runInSequence(MethodRunner.java:46)\n\tat org.testng.internal.TestInvoker$MethodInvocationAgent.invoke(TestInvoker.java:824)\n\tat org.testng.internal.TestInvoker.invokeTestMethods(TestInvoker.java:146)\n\tat org.testng.internal.TestMethodWorker.invokeTestMethods(TestMethodWorker.java:146)\n\tat org.testng.internal.TestMethodWorker.run(TestMethodWorker.java:128)\n\tat java.base/java.util.ArrayList.forEach(ArrayList.java:1541)\n\tat org.testng.TestRunner.privateRun(TestRunner.java:794)\n\tat org.testng.TestRunner.run(TestRunner.java:596)\n\tat org.testng.SuiteRunner.runTest(SuiteRunner.java:377)\n\tat org.testng.SuiteRunner.access$000(SuiteRunner.java:28)\n\tat org.testng.SuiteRunner$SuiteWorker.run(SuiteRunner.java:418)\n\tat org.testng.internal.thread.ThreadUtil.lambda$execute$0(ThreadUtil.java:64)\n\tat java.base/java.util.concurrent.FutureTask.run(FutureTask.java:264)\n\tat java.base/java.util.concurrent.ThreadPoolExecutor.runWorker(ThreadPoolExecutor.java:1128)\n\tat java.base/java.util.concurrent.ThreadPoolExecutor$Worker.run(ThreadPoolExecutor.java:628)\n\tat java.base/java.lang.Thread.run(Thread.java:829)\nCaused by: org.openqa.selenium.ElementClickInterceptedException: element click intercepted: Element <span class=\"TKsrzo\">...</span> is not clickable at point (1850, 947). Other element would receive the click: <iframe allowfullscreen=\"\" class=\"intercom-1pm5lat e1ii8mwa0\" name=\"intercom-notifications-frame\" title=\"Intercom live chat message\" data-intercom-frame=\"true\" role=\"dialog\"></iframe>\n  (Session info: chrome=121.0.6167.160)\nBuild info: version: '4.13.0', revision: 'ba948ece5b*'\nSystem info: os.name: 'Linux', os.arch: 'amd64', os.version: '6.2.0-1019-azure', java.version: '11.0.22'\nDriver info: org.openqa.selenium.chrome.ChromeDriver\nCommand: [e92836068c8a5549f344c969a0e8b359, clickElement {id=EFB27D265796471DB831651788992AB0_element_206}]\nCapabilities {acceptInsecureCerts: true, browserName: chrome, browserVersion: 121.0.6167.160, chrome: {chromedriverVersion: 121.0.6167.85 (3f98d690ad7e..., userDataDir: /tmp/.org.chromium.Chromium...}, fedcm:accounts: true, goog:chromeOptions: {debuggerAddress: localhost:41283}, networkConnectionEnabled: false, pageLoadStrategy: normal, platformName: linux, proxy: Proxy(), se:cdp: ws://localhost:41283/devtoo..., se:cdpVersion: 121.0.6167.160, setWindowRect: true, strictFileInteractability: false, timeouts: {implicit: 0, pageLoad: 300000, script: 30000}, unhandledPromptBehavior: accept, webauthn:extension:credBlob: true, webauthn:extension:largeBlob: true, webauthn:extension:minPinLength: true, webauthn:extension:prf: true, webauthn:virtualAuthenticators: true}\nElement: [[ChromeDriver: chrome on linux (e92836068c8a5549f344c969a0e8b359)] -> xpath: //*[contains(text(),'Done')]]\nSession ID: e92836068c8a5549f344c969a0e8b359\n\tat java.base/jdk.internal.reflect.NativeConstructorAccessorImpl.newInstance0(Native Method)\n\tat java.base/jdk.internal.reflect.NativeConstructorAccessorImpl.newInstance(NativeConstructorAccessorImpl.java:62)\n\tat java.base/jdk.internal.reflect.DelegatingConstructorAccessorImpl.newInstance(DelegatingConstructorAccessorImpl.java:45)\n\tat java.base/java.lang.reflect.Constructor.newInstance(Constructor.java:490)\n\tat org.openqa.selenium.remote.codec.w3c.W3CHttpResponseCodec.createException(W3CHttpResponseCodec.java:200)\n\tat org.openqa.selenium.remote.codec.w3c.W3CHttpResponseCodec.decode(W3CHttpResponseCodec.java:133)\n\tat org.openqa.selenium.remote.codec.w3c.W3CHttpResponseCodec.decode(W3CHttpResponseCodec.java:52)\n\tat org.openqa.selenium.remote.HttpCommandExecutor.execute(HttpCommandExecutor.java:191)\n\tat org.openqa.selenium.remote.service.DriverCommandExecutor.invokeExecute(DriverCommandExecutor.java:196)\n\tat org.openqa.selenium.remote.service.DriverCommandExecutor.execute(DriverCommandExecutor.java:171)\n\tat org.openqa.selenium.remote.RemoteWebDriver.execute(RemoteWebDriver.java:602)\n\tat org.openqa.selenium.remote.RemoteWebElement.execute(RemoteWebElement.java:224)\n\tat org.openqa.selenium.remote.RemoteWebElement.click(RemoteWebElement.java:77)\n\tat com.codeborne.selenide.commands.Click.defaultClick(Click.java:97)\n\tat com.codeborne.selenide.commands.Click.click(Click.java:54)\n\tat com.codeborne.selenide.commands.Click.execute(Click.java:31)\n\tat com.codeborne.selenide.commands.Click.execute(Click.java:21)\n\tat com.codeborne.selenide.commands.Commands.execute(Commands.java:165)\n\tat com.codeborne.selenide.impl.SelenideElementProxy.dispatchAndRetry(SelenideElementProxy.java:132)\n\t... 29 more\n","steps":[{"name":"Open test plan page","time":{"start":1708082515679,"stop":1708082517810,"duration":2131},"status":"passed","steps":[],"attachments":[],"parameters":[{"name":"projectCode","value":"3237719844"}],"shouldDisplayMessage":false,"stepsCount":0,"attachmentsCount":0,"hasContent":true},{"name":"Create test plan 'Test Plan 1' with all cases selected","time":{"start":1708082517811,"stop":1708082529965,"duration":12154},"status":"failed","statusMessage":"Invalid element state [By.xpath: //*[contains(text(),'Done')]]: element click intercepted: Element <span class=\"TKsrzo\">...</span> is not clickable at point (1850, 947). Other element would receive the click: <iframe allowfullscreen=\"\" class=\"intercom-1pm5lat e1ii8mwa0\" name=\"intercom-notifications-frame\" title=\"Intercom live chat message\" data-intercom-frame=\"true\" role=\"dialog\"></iframe>\nScreenshot: file:/home/runner/work/QaseIO/QaseIO/build/reports/tests/1708082529663.1.png\nPage source: file:/home/runner/work/QaseIO/QaseIO/build/reports/tests/1708082529663.1.html\nTimeout: 10 s.\nCaused by: ElementClickInterceptedException: element click intercepted: Element <span class=\"TKsrzo\">...</span> is not clickable at point (1850, 947). Other element would receive the click: <iframe allowfullscreen=\"\" class=\"intercom-1pm5lat e1ii8mwa0\" name=\"intercom-notifications-frame\" title=\"Intercom live chat message\" data-intercom-frame=\"true\" role=\"dialog\"></iframe>","statusTrace":"Invalid element state [By.xpath: //*[contains(text(),'Done')]]: element click intercepted: Element <span class=\"TKsrzo\">...</span> is not clickable at point (1850, 947). Other element would receive the click: <iframe allowfullscreen=\"\" class=\"intercom-1pm5lat e1ii8mwa0\" name=\"intercom-notifications-frame\" title=\"Intercom live chat message\" data-intercom-frame=\"true\" role=\"dialog\"></iframe>\nScreenshot: file:/home/runner/work/QaseIO/QaseIO/build/reports/tests/1708082529663.1.png\nPage source: file:/home/runner/work/QaseIO/QaseIO/build/reports/tests/1708082529663.1.html\nTimeout: 10 s.\nCaused by: ElementClickInterceptedException: element click intercepted: Element <span class=\"TKsrzo\">...</span> is not clickable at point (1850, 947). Other element would receive the click: <iframe allowfullscreen=\"\" class=\"intercom-1pm5lat e1ii8mwa0\" name=\"intercom-notifications-frame\" title=\"Intercom live chat message\" data-intercom-frame=\"true\" role=\"dialog\"></iframe>\n\tat com.codeborne.selenide.impl.ExceptionWrapper.wrap(ExceptionWrapper.java:26)\n\tat com.codeborne.selenide.impl.SelenideElementProxy.dispatchAndRetry(SelenideElementProxy.java:154)\n\tat com.codeborne.selenide.impl.SelenideElementProxy.invoke(SelenideElementProxy.java:84)\n\tat com.sun.proxy.$Proxy35.click(Unknown Source)\n\tat pages.testPlanPages.TestPlanCreationPage.clickDoneButton(TestPlanCreationPage.java:65)\n\tat pages.testPlanPages.TestPlanCreationPage.addAllCases(TestPlanCreationPage.java:82)\n\tat steps.TestPlanSteps.createTestPlanWithAllCases(TestPlanSteps.java:34)\n\tat tests.TestPlanTest.testPlanShouldBeCreated(TestPlanTest.java:34)\n\tat java.base/jdk.internal.reflect.NativeMethodAccessorImpl.invoke0(Native Method)\n\tat java.base/jdk.internal.reflect.NativeMethodAccessorImpl.invoke(NativeMethodAccessorImpl.java:62)\n\tat java.base/jdk.internal.reflect.DelegatingMethodAccessorImpl.invoke(DelegatingMethodAccessorImpl.java:43)\n\tat java.base/java.lang.reflect.Method.invoke(Method.java:566)\n\tat org.testng.internal.MethodInvocationHelper.invokeMethod(MethodInvocationHelper.java:133)\n\tat org.testng.internal.TestInvoker.invokeMethod(TestInvoker.java:598)\n\tat org.testng.internal.TestInvoker.invokeTestMethod(TestInvoker.java:173)\n\tat org.testng.internal.MethodRunner.runInSequence(MethodRunner.java:46)\n\tat org.testng.internal.TestInvoker$MethodInvocationAgent.invoke(TestInvoker.java:824)\n\tat org.testng.internal.TestInvoker.invokeTestMethods(TestInvoker.java:146)\n\tat org.testng.internal.TestMethodWorker.invokeTestMethods(TestMethodWorker.java:146)\n\tat org.testng.internal.TestMethodWorker.run(TestMethodWorker.java:128)\n\tat java.base/java.util.ArrayList.forEach(ArrayList.java:1541)\n\tat org.testng.TestRunner.privateRun(TestRunner.java:794)\n\tat org.testng.TestRunner.run(TestRunner.java:596)\n\tat org.testng.SuiteRunner.runTest(SuiteRunner.java:377)\n\tat org.testng.SuiteRunner.access$000(SuiteRunner.java:28)\n\tat org.testng.SuiteRunner$SuiteWorker.run(SuiteRunner.java:418)\n\tat org.testng.internal.thread.ThreadUtil.lambda$execute$0(ThreadUtil.java:64)\n\tat java.base/java.util.concurrent.FutureTask.run(FutureTask.java:264)\n\tat java.base/java.util.concurrent.ThreadPoolExecutor.runWorker(ThreadPoolExecutor.java:1128)\n\tat java.base/java.util.concurrent.ThreadPoolExecutor$Worker.run(ThreadPoolExecutor.java:628)\n\tat java.base/java.lang.Thread.run(Thread.java:829)\nCaused by: org.openqa.selenium.ElementClickInterceptedException: element click intercepted: Element <span class=\"TKsrzo\">...</span> is not clickable at point (1850, 947). Other element would receive the click: <iframe allowfullscreen=\"\" class=\"intercom-1pm5lat e1ii8mwa0\" name=\"intercom-notifications-frame\" title=\"Intercom live chat message\" data-intercom-frame=\"true\" role=\"dialog\"></iframe>\n  (Session info: chrome=121.0.6167.160)\nBuild info: version: '4.13.0', revision: 'ba948ece5b*'\nSystem info: os.name: 'Linux', os.arch: 'amd64', os.version: '6.2.0-1019-azure', java.version: '11.0.22'\nDriver info: org.openqa.selenium.chrome.ChromeDriver\nCommand: [e92836068c8a5549f344c969a0e8b359, clickElement {id=EFB27D265796471DB831651788992AB0_element_206}]\nCapabilities {acceptInsecureCerts: true, browserName: chrome, browserVersion: 121.0.6167.160, chrome: {chromedriverVersion: 121.0.6167.85 (3f98d690ad7e..., userDataDir: /tmp/.org.chromium.Chromium...}, fedcm:accounts: true, goog:chromeOptions: {debuggerAddress: localhost:41283}, networkConnectionEnabled: false, pageLoadStrategy: normal, platformName: linux, proxy: Proxy(), se:cdp: ws://localhost:41283/devtoo..., se:cdpVersion: 121.0.6167.160, setWindowRect: true, strictFileInteractability: false, timeouts: {implicit: 0, pageLoad: 300000, script: 30000}, unhandledPromptBehavior: accept, webauthn:extension:credBlob: true, webauthn:extension:largeBlob: true, webauthn:extension:minPinLength: true, webauthn:extension:prf: true, webauthn:virtualAuthenticators: true}\nElement: [[ChromeDriver: chrome on linux (e92836068c8a5549f344c969a0e8b359)] -> xpath: //*[contains(text(),'Done')]]\nSession ID: e92836068c8a5549f344c969a0e8b359\n\tat java.base/jdk.internal.reflect.NativeConstructorAccessorImpl.newInstance0(Native Method)\n\tat java.base/jdk.internal.reflect.NativeConstructorAccessorImpl.newInstance(NativeConstructorAccessorImpl.java:62)\n\tat java.base/jdk.internal.reflect.DelegatingConstructorAccessorImpl.newInstance(DelegatingConstructorAccessorImpl.java:45)\n\tat java.base/java.lang.reflect.Constructor.newInstance(Constructor.java:490)\n\tat org.openqa.selenium.remote.codec.w3c.W3CHttpResponseCodec.createException(W3CHttpResponseCodec.java:200)\n\tat org.openqa.selenium.remote.codec.w3c.W3CHttpResponseCodec.decode(W3CHttpResponseCodec.java:133)\n\tat org.openqa.selenium.remote.codec.w3c.W3CHttpResponseCodec.decode(W3CHttpResponseCodec.java:52)\n\tat org.openqa.selenium.remote.HttpCommandExecutor.execute(HttpCommandExecutor.java:191)\n\tat org.openqa.selenium.remote.service.DriverCommandExecutor.invokeExecute(DriverCommandExecutor.java:196)\n\tat org.openqa.selenium.remote.service.DriverCommandExecutor.execute(DriverCommandExecutor.java:171)\n\tat org.openqa.selenium.remote.RemoteWebDriver.execute(RemoteWebDriver.java:602)\n\tat org.openqa.selenium.remote.RemoteWebElement.execute(RemoteWebElement.java:224)\n\tat org.openqa.selenium.remote.RemoteWebElement.click(RemoteWebElement.java:77)\n\tat com.codeborne.selenide.commands.Click.defaultClick(Click.java:97)\n\tat com.codeborne.selenide.commands.Click.click(Click.java:54)\n\tat com.codeborne.selenide.commands.Click.execute(Click.java:31)\n\tat com.codeborne.selenide.commands.Click.execute(Click.java:21)\n\tat com.codeborne.selenide.commands.Commands.execute(Commands.java:165)\n\tat com.codeborne.selenide.impl.SelenideElementProxy.dispatchAndRetry(SelenideElementProxy.java:132)\n\t... 29 more\n","steps":[],"attachments":[],"parameters":[{"name":"title","value":"Test Plan 1"},{"name":"description","value":"Description"}],"shouldDisplayMessage":true,"stepsCount":0,"attachmentsCount":0,"hasContent":true}],"attachments":[{"uid":"fa4e709da9d0c19b","name":"screenshot","source":"fa4e709da9d0c19b.png","type":"image/png","size":117300}],"parameters":[],"shouldDisplayMessage":false,"stepsCount":2,"attachmentsCount":1,"hasContent":true},"afterStages":[{"name":"Browser tear down","time":{"start":1708082530463,"stop":1708082530667,"duration":204},"description":"Browser tear down","status":"passed","steps":[],"attachments":[],"parameters":[],"shouldDisplayMessage":false,"stepsCount":0,"attachmentsCount":0,"hasContent":false}],"labels":[{"name":"package","value":"tests.TestPlanTest"},{"name":"testClass","value":"tests.TestPlanTest"},{"name":"testMethod","value":"testPlanShouldBeCreated"},{"name":"parentSuite","value":"QaseIO smoke test"},{"name":"suite","value":"Thread #4"},{"name":"subSuite","value":"tests.TestPlanTest"},{"name":"host","value":"fv-az842-30"},{"name":"thread","value":"2180@fv-az842-30.TestNG-tests-4(41)"},{"name":"framework","value":"testng"},{"name":"language","value":"java"},{"name":"resultFormat","value":"allure2"}],"parameters":[],"links":[],"hidden":false,"retry":false,"extra":{"severity":"normal","retries":[],"categories":[{"name":"Product defects","matchedStatuses":[],"flaky":false}],"history":{"statistic":{"failed":1,"broken":0,"skipped":0,"passed":5,"unknown":0,"total":6},"items":[{"uid":"a653d55b4a854b18","reportUrl":"https://Mi0t0.github.io/QaseIO/38//#testresult/a653d55b4a854b18","status":"passed","time":{"start":1707832115666,"stop":1707832119995,"duration":4329}},{"uid":"cf36ef63bd328b2b","reportUrl":"https://Mi0t0.github.io/QaseIO/37//#testresult/cf36ef63bd328b2b","status":"passed","time":{"start":1707831356498,"stop":1707831360835,"duration":4337}},{"uid":"a298098266eaa3e9","reportUrl":"https://Mi0t0.github.io/QaseIO/36//#testresult/a298098266eaa3e9","status":"passed","time":{"start":1707830021132,"stop":1707830025613,"duration":4481}},{"uid":"4df5e55b27b79c96","reportUrl":"https://Mi0t0.github.io/QaseIO/35//#testresult/4df5e55b27b79c96","status":"passed","time":{"start":1707821949124,"stop":1707821952603,"duration":3479}},{"uid":"27f1a6b1cba1c7b1","reportUrl":"https://Mi0t0.github.io/QaseIO/34//#testresult/27f1a6b1cba1c7b1","status":"passed","time":{"start":1707766881177,"stop":1707766885223,"duration":4046}}]},"tags":[]},"source":"a597643788389325.json","parameterValues":[]}